<?xml version="1.0" encoding="UTF-8"?>
<testsuite xmlns:xsi="http://www.w3.org/2001/XMLSchema-instance" xsi:noNamespaceSchemaLocation="https://maven.apache.org/surefire/maven-surefire-plugin/xsd/surefire-test-report-3.0.xsd" version="3.0" name="cl.kibernumacademy.test.PostCrudTest" time="3.359" tests="5" errors="0" skipped="0" failures="0">
  <properties>
[...]
</properties>
  <testcase name="listPosts_ok" classname="cl.kibernumacademy.test.PostCrudTest" time="1.585">
    <system-out><![CDATA[Request URI:	https://jsonplaceholder.typicode.com/posts
]]></system-out>
  </testcase>
  <testcase name="getPost_ok" classname="cl.kibernumacademy.test.PostCrudTest" time="0.559">
    <system-out><![CDATA[Request URI:	https://jsonplaceholder.typicode.com/posts/1
]]></system-out>
  </testcase>
  <testcase name="createPost_created" classname="cl.kibernumacademy.test.PostCrudTest" time="0.556">
    <system-out><![CDATA[Request URI:	https://jsonplaceholder.typicode.com/posts
]]></system-out>
  </testcase>
  <testcase name="updatedPost_ok" classname="cl.kibernumacademy.test.PostCrudTest" time="0.334">
    <system-out><![CDATA[Request URI:	https://jsonplaceholder.typicode.com/posts/1
]]></system-out>
  </testcase>
  <testcase name="deletePost_ok" classname="cl.kibernumacademy.test.PostCrudTest" time="0.305">
    <system-out><![CDATA[Request URI:	https://jsonplaceholder.typicode.com/posts/101
]]></system-out>
  </testcase>
</testsuite>